# JRE version: OpenJDK Runtime Environment (8.0_76-b03) (build 1.8.0_76-release-b03)
# Java VM: OpenJDK 64-Bit Server VM (25.76-b03 mixed mode windows-amd64 compressed oops)
Heap:
 PSYoungGen      total 92160K, used 1680K [0x00000000e0000000, 0x00000000e8700000, 0x0000000100000000)
  eden space 83968K, 2% used [0x00000000e0000000,0x00000000e01a40f0,0x00000000e5200000)
  from space 8192K, 0% used [0x00000000e5f00000,0x00000000e5f00000,0x00000000e6700000)
  to   space 13312K, 0% used [0x00000000e5200000,0x00000000e5200000,0x00000000e5f00000)
 ParOldGen       total 48640K, used 43905K [0x00000000a0000000, 0x00000000a2f80000, 0x00000000e0000000)
  object space 48640K, 90% used [0x00000000a0000000,0x00000000a2ae0588,0x00000000a2f80000)
 Metaspace       used 51505K, capacity 53306K, committed 53680K, reserved 1095680K
  class space    used 7042K, capacity 7473K, committed 7600K, reserved 1048576K
GC Heap History (10 events):
Event: 159.268 GC heap before
{Heap before GC invocations=25 (full 2):
 PSYoungGen      total 73216K, used 65536K [0x00000000e0000000, 0x00000000e5380000, 0x0000000100000000)
  eden space 65024K, 100% used [0x00000000e0000000,0x00000000e3f80000,0x00000000e3f80000)
  from space 8192K, 6% used [0x00000000e4780000,0x00000000e4800000,0x00000000e4f80000)
  to   space 8192K, 0% used [0x00000000e3f80000,0x00000000e3f80000,0x00000000e4780000)
 ParOldGen       total 46080K, used 30174K [0x00000000a0000000, 0x00000000a2d00000, 0x00000000e0000000)
  object space 46080K, 65% used [0x00000000a0000000,0x00000000a1d77988,0x00000000a2d00000)
 Metaspace       used 46305K, capacity 47680K, committed 47792K, reserved 1091584K
  class space    used 6240K, capacity 6520K, committed 6576K, reserved 1048576K
Event: 159.298 GC heap after
Heap after GC invocations=25 (full 2):
 PSYoungGen      total 73216K, used 672K [0x00000000e0000000, 0x00000000e6700000, 0x0000000100000000)
  eden space 65024K, 0% used [0x00000000e0000000,0x00000000e0000000,0x00000000e3f80000)
  from space 8192K, 8% used [0x00000000e3f80000,0x00000000e4028000,0x00000000e4780000)
  to   space 8192K, 0% used [0x00000000e5f00000,0x00000000e5f00000,0x00000000e6700000)
 ParOldGen       total 46080K, used 30646K [0x00000000a0000000, 0x00000000a2d00000, 0x00000000e0000000)
  object space 46080K, 66% used [0x00000000a0000000,0x00000000a1ded988,0x00000000a2d00000)
 Metaspace       used 46305K, capacity 47680K, committed 47792K, reserved 1091584K
  class space    used 6240K, capacity 6520K, committed 6576K, reserved 1048576K
}
Event: 166.234 GC heap before
{Heap before GC invocations=26 (full 2):
 PSYoungGen      total 73216K, used 65696K [0x00000000e0000000, 0x00000000e6700000, 0x0000000100000000)
  eden space 65024K, 100% used [0x00000000e0000000,0x00000000e3f80000,0x00000000e3f80000)
  from space 8192K, 8% used [0x00000000e3f80000,0x00000000e4028000,0x00000000e4780000)
  to   space 8192K, 0% used [0x00000000e5f00000,0x00000000e5f00000,0x00000000e6700000)
 ParOldGen       total 46080K, used 30646K [0x00000000a0000000, 0x00000000a2d00000, 0x00000000e0000000)
  object space 46080K, 66% used [0x00000000a0000000,0x00000000a1ded988,0x00000000a2d00000)
 Metaspace       used 49600K, capacity 51062K, committed 51376K, reserved 1093632K
  class space    used 6676K, capacity 6981K, committed 7088K, reserved 1048576K
Event: 166.393 GC heap after
Heap after GC invocations=26 (full 2):
 PSYoungGen      total 96256K, used 7527K [0x00000000e0000000, 0x00000000e6900000, 0x0000000100000000)
  eden space 88064K, 0% used [0x00000000e0000000,0x00000000e0000000,0x00000000e5600000)
  from space 8192K, 91% used [0x00000000e5f00000,0x00000000e6659f58,0x00000000e6700000)
  to   space 9216K, 0% used [0x00000000e5600000,0x00000000e5600000,0x00000000e5f00000)
 ParOldGen       total 46080K, used 31286K [0x00000000a0000000, 0x00000000a2d00000, 0x00000000e0000000)
  object space 46080K, 67% used [0x00000000a0000000,0x00000000a1e8d998,0x00000000a2d00000)
 Metaspace       used 49600K, capacity 51062K, committed 51376K, reserved 1093632K
  class space    used 6676K, capacity 6981K, committed 7088K, reserved 1048576K
}
Event: 173.467 GC heap before
{Heap before GC invocations=27 (full 2):
 PSYoungGen      total 96256K, used 95591K [0x00000000e0000000, 0x00000000e6900000, 0x0000000100000000)
  eden space 88064K, 100% used [0x00000000e0000000,0x00000000e5600000,0x00000000e5600000)
  from space 8192K, 91% used [0x00000000e5f00000,0x00000000e6659f58,0x00000000e6700000)
  to   space 9216K, 0% used [0x00000000e5600000,0x00000000e5600000,0x00000000e5f00000)
 ParOldGen       total 46080K, used 31286K [0x00000000a0000000, 0x00000000a2d00000, 0x00000000e0000000)
  object space 46080K, 67% used [0x00000000a0000000,0x00000000a1e8d998,0x00000000a2d00000)
 Metaspace       used 51441K, capacity 53238K, committed 53296K, reserved 1095680K
  class space    used 7033K, capacity 7471K, committed 7472K, reserved 1048576K
Event: 173.507 GC heap after
Heap after GC invocations=27 (full 2):
 PSYoungGen      total 97280K, used 9216K [0x00000000e0000000, 0x00000000e6900000, 0x0000000100000000)
  eden space 88064K, 0% used [0x00000000e0000000,0x00000000e0000000,0x00000000e5600000)
  from space 9216K, 100% used [0x00000000e5600000,0x00000000e5f00000,0x00000000e5f00000)
  to   space 8192K, 0% used [0x00000000e5f00000,0x00000000e5f00000,0x00000000e6700000)
 ParOldGen       total 46080K, used 37554K [0x00000000a0000000, 0x00000000a2d00000, 0x00000000e0000000)
  object space 46080K, 81% used [0x00000000a0000000,0x00000000a24ac908,0x00000000a2d00000)
 Metaspace       used 51441K, capacity 53238K, committed 53296K, reserved 1095680K
  class space    used 7033K, capacity 7471K, committed 7472K, reserved 1048576K
}
Event: 175.311 GC heap before
{Heap before GC invocations=28 (full 2):
 PSYoungGen      total 97280K, used 97280K [0x00000000e0000000, 0x00000000e6900000, 0x0000000100000000)
  eden space 88064K, 100% used [0x00000000e0000000,0x00000000e5600000,0x00000000e5600000)
  from space 9216K, 100% used [0x00000000e5600000,0x00000000e5f00000,0x00000000e5f00000)
  to   space 8192K, 0% used [0x00000000e5f00000,0x00000000e5f00000,0x00000000e6700000)
 ParOldGen       total 46080K, used 37554K [0x00000000a0000000, 0x00000000a2d00000, 0x00000000e0000000)
  object space 46080K, 81% used [0x00000000a0000000,0x00000000a24ac908,0x00000000a2d00000)
 Metaspace       used 51485K, capacity 53306K, committed 53680K, reserved 1095680K
  class space    used 7038K, capacity 7473K, committed 7600K, reserved 1048576K
Event: 175.338 GC heap after
Heap after GC invocations=28 (full 2):
 PSYoungGen      total 92160K, used 416K [0x00000000e0000000, 0x00000000e8700000, 0x0000000100000000)
  eden space 83968K, 0% used [0x00000000e0000000,0x00000000e0000000,0x00000000e5200000)
  from space 8192K, 5% used [0x00000000e5f00000,0x00000000e5f68000,0x00000000e6700000)
  to   space 13312K, 0% used [0x00000000e5200000,0x00000000e5200000,0x00000000e5f00000)
 ParOldGen       total 48640K, used 46809K [0x00000000a0000000, 0x00000000a2f80000, 0x00000000e0000000)
  object space 48640K, 96% used [0x00000000a0000000,0x00000000a2db65a0,0x00000000a2f80000)
 Metaspace       used 51485K, capacity 53306K, committed 53680K, reserved 1095680K
  class space    used 7038K, capacity 7473K, committed 7600K, reserved 1048576K
}
Event: 175.338 GC heap before
{Heap before GC invocations=29 (full 3):
 PSYoungGen      total 92160K, used 416K [0x00000000e0000000, 0x00000000e8700000, 0x0000000100000000)
  eden space 83968K, 0% used [0x00000000e0000000,0x00000000e0000000,0x00000000e5200000)
  from space 8192K, 5% used [0x00000000e5f00000,0x00000000e5f68000,0x00000000e6700000)
  to   space 13312K, 0% used [0x00000000e5200000,0x00000000e5200000,0x00000000e5f00000)
 ParOldGen       total 48640K, used 46809K [0x00000000a0000000, 0x00000000a2f80000, 0x00000000e0000000)
  object space 48640K, 96% used [0x00000000a0000000,0x00000000a2db65a0,0x00000000a2f80000)
 Metaspace       used 51485K, capacity 53306K, committed 53680K, reserved 1095680K
  class space    used 7038K, capacity 7473K, committed 7600K, reserved 1048576K
Event: 176.796 GC heap after
Heap after GC invocations=29 (full 3):
 PSYoungGen      total 92160K, used 0K [0x00000000e0000000, 0x00000000e8700000, 0x0000000100000000)
  eden space 83968K, 0% used [0x00000000e0000000,0x00000000e0000000,0x00000000e5200000)
  from space 8192K, 0% used [0x00000000e5f00000,0x00000000e5f00000,0x00000000e6700000)
  to   space 13312K, 0% used [0x00000000e5200000,0x00000000e5200000,0x00000000e5f00000)
 ParOldGen       total 48640K, used 43905K [0x00000000a0000000, 0x00000000a2f80000, 0x00000000e0000000)
  object space 48640K, 90% used [0x00000000a0000000,0x00000000a2ae0588,0x00000000a2f80000)
 Metaspace       used 51485K, capacity 53306K, committed 53680K, reserved 1095680K
  class space    used 7038K, capacity 7473K, committed 7600K, reserved 1048576K
}

